20241018 12:17:30 ERROR [main] LogTests.LogTests LogTests.java33 - test completed with failure
20241018 12:17:30 DEBUG [main] LogTests.LogTests LogTests.java41 - test started
20241019 13:55:21 INFO  [main] base.SalesForceBaseTest SalesForceBaseTest.java56 - *********************@BeforeMethod********************* 
20241019 13:55:27 INFO  [main] base.BaseTest BaseTest.java58 - https://login.salesforce.com/is entered
20241019 13:55:32 INFO  [main] base.BaseTest BaseTest.java67 - data is entered in the Username
20241019 13:55:32 ERROR [main] base.BaseTest BaseTest.java69 - Password textbox is not diplayed
20241019 13:55:33 INFO  [main] base.BaseTest BaseTest.java76 - login Button button is clicked
20241019 13:55:33 INFO  [main] base.BaseTest BaseTest.java149 - text is extracted from Actual Error
20241019 13:55:33 INFO  [main] base.SalesForceBaseTest SalesForceBaseTest.java71 - *********************@teardown method********************* 
20241019 13:55:34 DEBUG [main] opc.PackageRelationshipCollection PackageRelationshipCollection.java307 - Parsing relationship: /xl/_rels/workbook.xml.rels
20241019 13:55:34 DEBUG [main] opc.PackageRelationshipCollection PackageRelationshipCollection.java307 - Parsing relationship: /_rels/.rels
20241019 13:55:35 INFO  [main] base.SalesForceBaseTest SalesForceBaseTest.java56 - *********************@BeforeMethod********************* 
20241019 13:55:37 INFO  [main] base.BaseTest BaseTest.java58 - https://login.salesforce.com/is entered
20241019 13:55:43 INFO  [main] base.BaseTest BaseTest.java76 - remember me button is clicked
20241019 13:55:43 INFO  [main] base.BaseTest BaseTest.java76 - login Button button is clicked
20241019 13:55:43 INFO  [main] base.BaseTest BaseTest.java169 - login buttonwaiting for visibility for maximum of 3sec
20241019 13:55:43 INFO  [main] test.AutomationScripts AutomationScripts.java86 - Login | Salesforce
20241019 13:55:43 INFO  [main] base.BaseTest BaseTest.java209 - screen captured
20241019 13:55:43 INFO  [main] base.SalesForceBaseTest SalesForceBaseTest.java71 - *********************@teardown method********************* 
20241019 13:55:44 INFO  [main] base.SalesForceBaseTest SalesForceBaseTest.java56 - *********************@BeforeMethod********************* 
20241019 13:55:46 INFO  [main] base.BaseTest BaseTest.java58 - https://login.salesforce.com/is entered
20241019 13:55:51 INFO  [main] base.BaseTest BaseTest.java76 - remember me button is clicked
20241019 13:55:52 INFO  [main] base.BaseTest BaseTest.java76 - login Button button is clicked
20241019 13:55:52 INFO  [main] base.BaseTest BaseTest.java169 - login buttonwaiting for visibility for maximum of 3sec
20241019 13:55:52 INFO  [main] test.AutomationScripts AutomationScripts.java86 - Login | Salesforce
20241019 13:55:52 INFO  [main] base.BaseTest BaseTest.java209 - screen captured
20241019 13:55:52 INFO  [main] base.SalesForceBaseTest SalesForceBaseTest.java71 - *********************@teardown method********************* 
20241019 13:55:53 INFO  [main] base.SalesForceBaseTest SalesForceBaseTest.java56 - *********************@BeforeMethod********************* 
20241019 13:55:55 INFO  [main] base.BaseTest BaseTest.java58 - https://login.salesforce.com/is entered
20241019 13:56:01 INFO  [main] base.BaseTest BaseTest.java76 - remember me button is clicked
20241019 13:56:01 INFO  [main] base.BaseTest BaseTest.java76 - login Button button is clicked
20241019 13:56:01 INFO  [main] base.BaseTest BaseTest.java169 - login buttonwaiting for visibility for maximum of 3sec
20241019 13:56:01 INFO  [main] test.AutomationScripts AutomationScripts.java86 - Login | Salesforce
20241019 13:56:01 INFO  [main] base.BaseTest BaseTest.java209 - screen captured
20241019 13:56:01 INFO  [main] base.SalesForceBaseTest SalesForceBaseTest.java71 - *********************@teardown method********************* 
20241019 13:56:02 INFO  [main] base.SalesForceBaseTest SalesForceBaseTest.java56 - *********************@BeforeMethod********************* 
20241019 13:56:04 INFO  [main] base.BaseTest BaseTest.java58 - https://login.salesforce.com/is entered
20241019 13:56:09 INFO  [main] base.BaseTest BaseTest.java76 - remember me button is clicked
20241019 13:56:10 INFO  [main] base.BaseTest BaseTest.java76 - login Button button is clicked
20241019 13:56:10 INFO  [main] base.BaseTest BaseTest.java169 - login buttonwaiting for visibility for maximum of 3sec
20241019 13:56:10 INFO  [main] test.AutomationScripts AutomationScripts.java86 - Login | Salesforce
20241019 13:56:10 INFO  [main] base.BaseTest BaseTest.java209 - screen captured
20241019 13:56:10 INFO  [main] base.SalesForceBaseTest SalesForceBaseTest.java71 - *********************@teardown method********************* 
20241019 13:56:10 INFO  [main] base.SalesForceBaseTest SalesForceBaseTest.java56 - *********************@BeforeMethod********************* 
20241019 13:56:13 INFO  [main] base.BaseTest BaseTest.java58 - https://login.salesforce.com/is entered
20241019 13:56:18 INFO  [main] base.BaseTest BaseTest.java76 - remember me button is clicked
20241019 13:56:19 INFO  [main] base.BaseTest BaseTest.java76 - login Button button is clicked
20241019 13:56:19 INFO  [main] base.BaseTest BaseTest.java169 - login buttonwaiting for visibility for maximum of 3sec
20241019 13:56:20 INFO  [main] test.AutomationScripts AutomationScripts.java86 - Home Page ~ Salesforce - Developer Edition
20241019 13:56:20 INFO  [main] base.SalesForceBaseTest SalesForceBaseTest.java71 - *********************@teardown method********************* 
20241019 13:56:20 INFO  [main] base.SalesForceBaseTest SalesForceBaseTest.java56 - *********************@BeforeMethod********************* 
20241019 13:56:22 INFO  [main] base.BaseTest BaseTest.java58 - https://login.salesforce.com/is entered
20241019 13:56:28 INFO  [main] base.BaseTest BaseTest.java76 - remember me button is clicked
20241019 13:56:36 INFO  [main] base.BaseTest BaseTest.java76 - login Button button is clicked
20241019 13:56:36 INFO  [main] base.BaseTest BaseTest.java169 - login buttonwaiting for visibility for maximum of 3sec
20241019 13:56:36 INFO  [main] test.AutomationScripts AutomationScripts.java86 - Login | Salesforce
20241019 13:56:36 INFO  [main] base.BaseTest BaseTest.java209 - screen captured
20241019 13:56:36 INFO  [main] base.SalesForceBaseTest SalesForceBaseTest.java71 - *********************@teardown method********************* 
20241019 21:36:45 ERROR [main] LogTests.LogTests LogTests.java50 - test completed with failure
20241019 21:36:45 DEBUG [main] LogTests.LogTests LogTests.java60 - test started
20241019 21:45:00 ERROR [main] LogTests.LogTests LogTests.java56 - test completed with failure
20241019 21:45:00 DEBUG [main] LogTests.LogTests LogTests.java70 - test started
20241019 21:51:16 ERROR [main] LogTests.LogTests LogTests.java63 - test completed with failure
20241019 21:51:16 DEBUG [main] LogTests.LogTests LogTests.java77 - test started
20241019 23:44:41 INFO  [main] utility.SalesforceListeners SalesforceListeners.java16 - Test Started
20241019 23:44:42 INFO  [main] base.SalesForceBaseTest SalesForceBaseTest.java56 - *********************@BeforeMethod********************* 
20241019 23:44:47 INFO  [main] base.BaseTest BaseTest.java60 - https://login.salesforce.com/is entered
20241019 23:44:52 INFO  [main] utility.SalesforceListeners SalesforceListeners.java29 - invalid_password_login  started..................
20241019 23:44:53 INFO  [main] base.BaseTest BaseTest.java69 - data is entered in the Username
20241019 23:44:53 ERROR [main] base.BaseTest BaseTest.java71 - Password textbox is not diplayed
20241019 23:44:53 INFO  [main] base.BaseTest BaseTest.java78 - login Button button is clicked
20241019 23:44:54 INFO  [main] base.BaseTest BaseTest.java151 - text is extracted from Actual Error
20241019 23:44:54 INFO  [main] test.AutomationScripts AutomationScripts.java50 - actual message is same as expected
20241019 23:44:54 INFO  [main] utility.SalesforceListeners SalesforceListeners.java35 - invalid_password_login ended with success......................
20241019 23:44:54 INFO  [main] base.SalesForceBaseTest SalesForceBaseTest.java71 - *********************@teardown method********************* 
20241019 23:44:54 DEBUG [main] opc.PackageRelationshipCollection PackageRelationshipCollection.java307 - Parsing relationship: /xl/_rels/workbook.xml.rels
20241019 23:44:54 DEBUG [main] opc.PackageRelationshipCollection PackageRelationshipCollection.java307 - Parsing relationship: /_rels/.rels
20241019 23:44:55 INFO  [main] base.SalesForceBaseTest SalesForceBaseTest.java56 - *********************@BeforeMethod********************* 
20241019 23:44:57 INFO  [main] base.BaseTest BaseTest.java60 - https://login.salesforce.com/is entered
20241019 23:45:02 INFO  [main] utility.SalesforceListeners SalesforceListeners.java29 - valid_login  started..................
20241019 23:45:03 INFO  [main] base.BaseTest BaseTest.java78 - remember me button is clicked
20241019 23:45:03 INFO  [main] base.BaseTest BaseTest.java78 - login Button button is clicked
20241019 23:45:03 INFO  [main] base.BaseTest BaseTest.java171 - login buttonwaiting for visibility for maximum of 3sec
20241019 23:45:03 INFO  [main] test.AutomationScripts AutomationScripts.java88 - Login | Salesforce
20241019 23:45:04 INFO  [main] base.BaseTest BaseTest.java211 - screen captured
20241019 23:45:04 ERROR [main] utility.SalesforceListeners SalesforceListeners.java43 - valid_login ended with failure.....................
20241019 23:45:04 INFO  [main] base.SalesForceBaseTest SalesForceBaseTest.java71 - *********************@teardown method********************* 
20241019 23:45:04 INFO  [main] base.SalesForceBaseTest SalesForceBaseTest.java56 - *********************@BeforeMethod********************* 
20241019 23:45:06 INFO  [main] base.BaseTest BaseTest.java60 - https://login.salesforce.com/is entered
20241019 23:45:11 INFO  [main] utility.SalesforceListeners SalesforceListeners.java29 - valid_login  started..................
20241019 23:45:12 INFO  [main] base.BaseTest BaseTest.java78 - remember me button is clicked
20241019 23:45:12 INFO  [main] base.BaseTest BaseTest.java78 - login Button button is clicked
20241019 23:45:12 INFO  [main] base.BaseTest BaseTest.java171 - login buttonwaiting for visibility for maximum of 3sec
20241019 23:45:12 INFO  [main] test.AutomationScripts AutomationScripts.java88 - Login | Salesforce
20241019 23:45:13 INFO  [main] base.BaseTest BaseTest.java211 - screen captured
20241019 23:45:13 ERROR [main] utility.SalesforceListeners SalesforceListeners.java43 - valid_login ended with failure.....................
20241019 23:45:13 INFO  [main] base.SalesForceBaseTest SalesForceBaseTest.java71 - *********************@teardown method********************* 
20241019 23:45:13 INFO  [main] base.SalesForceBaseTest SalesForceBaseTest.java56 - *********************@BeforeMethod********************* 
20241019 23:45:15 INFO  [main] base.BaseTest BaseTest.java60 - https://login.salesforce.com/is entered
20241019 23:45:20 INFO  [main] utility.SalesforceListeners SalesforceListeners.java29 - valid_login  started..................
20241019 23:45:21 INFO  [main] base.BaseTest BaseTest.java78 - remember me button is clicked
20241019 23:45:21 INFO  [main] base.BaseTest BaseTest.java78 - login Button button is clicked
20241019 23:45:21 INFO  [main] base.BaseTest BaseTest.java171 - login buttonwaiting for visibility for maximum of 3sec
20241019 23:45:21 INFO  [main] test.AutomationScripts AutomationScripts.java88 - Login | Salesforce
20241019 23:45:22 INFO  [main] base.BaseTest BaseTest.java211 - screen captured
20241019 23:45:22 ERROR [main] utility.SalesforceListeners SalesforceListeners.java43 - valid_login ended with failure.....................
20241019 23:45:22 INFO  [main] base.SalesForceBaseTest SalesForceBaseTest.java71 - *********************@teardown method********************* 
20241019 23:45:22 INFO  [main] base.SalesForceBaseTest SalesForceBaseTest.java56 - *********************@BeforeMethod********************* 
20241019 23:45:24 INFO  [main] base.BaseTest BaseTest.java60 - https://login.salesforce.com/is entered
20241019 23:45:29 INFO  [main] utility.SalesforceListeners SalesforceListeners.java29 - valid_login  started..................
20241019 23:45:30 INFO  [main] base.BaseTest BaseTest.java78 - remember me button is clicked
20241019 23:45:30 INFO  [main] base.BaseTest BaseTest.java78 - login Button button is clicked
20241019 23:45:30 INFO  [main] base.BaseTest BaseTest.java171 - login buttonwaiting for visibility for maximum of 3sec
20241019 23:45:30 INFO  [main] test.AutomationScripts AutomationScripts.java88 - Login | Salesforce
20241019 23:45:30 INFO  [main] base.BaseTest BaseTest.java211 - screen captured
20241019 23:45:30 ERROR [main] utility.SalesforceListeners SalesforceListeners.java43 - valid_login ended with failure.....................
20241019 23:45:30 INFO  [main] base.SalesForceBaseTest SalesForceBaseTest.java71 - *********************@teardown method********************* 
20241019 23:45:31 INFO  [main] base.SalesForceBaseTest SalesForceBaseTest.java56 - *********************@BeforeMethod********************* 
20241019 23:45:33 INFO  [main] base.BaseTest BaseTest.java60 - https://login.salesforce.com/is entered
20241019 23:45:38 INFO  [main] utility.SalesforceListeners SalesforceListeners.java29 - valid_login  started..................
20241019 23:45:38 INFO  [main] base.BaseTest BaseTest.java78 - remember me button is clicked
20241019 23:45:40 INFO  [main] base.BaseTest BaseTest.java78 - login Button button is clicked
20241019 23:45:40 INFO  [main] base.BaseTest BaseTest.java171 - login buttonwaiting for visibility for maximum of 3sec
20241019 23:45:40 INFO  [main] test.AutomationScripts AutomationScripts.java88 - Home Page ~ Salesforce - Developer Edition
20241019 23:45:40 INFO  [main] utility.SalesforceListeners SalesforceListeners.java35 - valid_login ended with success......................
20241019 23:45:40 INFO  [main] base.SalesForceBaseTest SalesForceBaseTest.java71 - *********************@teardown method********************* 
20241019 23:45:40 INFO  [main] base.SalesForceBaseTest SalesForceBaseTest.java56 - *********************@BeforeMethod********************* 
20241019 23:45:42 INFO  [main] base.BaseTest BaseTest.java60 - https://login.salesforce.com/is entered
20241019 23:45:47 INFO  [main] utility.SalesforceListeners SalesforceListeners.java29 - valid_login  started..................
20241019 23:45:48 INFO  [main] base.BaseTest BaseTest.java78 - remember me button is clicked
20241019 23:45:55 INFO  [main] base.BaseTest BaseTest.java78 - login Button button is clicked
20241019 23:45:55 INFO  [main] base.BaseTest BaseTest.java171 - login buttonwaiting for visibility for maximum of 3sec
20241019 23:45:55 INFO  [main] test.AutomationScripts AutomationScripts.java88 - Login | Salesforce
20241019 23:45:56 INFO  [main] base.BaseTest BaseTest.java211 - screen captured
20241019 23:45:56 ERROR [main] utility.SalesforceListeners SalesforceListeners.java43 - valid_login ended with failure.....................
20241019 23:45:56 INFO  [main] base.SalesForceBaseTest SalesForceBaseTest.java71 - *********************@teardown method********************* 
20241019 23:45:56 INFO  [main] utility.SalesforceListeners SalesforceListeners.java23 - Test MyTest ended
20241019 23:52:56 INFO  [main] utility.SalesforceListeners SalesforceListeners.java18 - Test Started
20241019 23:52:57 INFO  [main] base.SalesForceBaseTest SalesForceBaseTest.java56 - *********************@BeforeMethod********************* 
20241019 23:53:00 INFO  [main] base.BaseTest BaseTest.java60 - https://login.salesforce.com/is entered
20241019 23:53:05 INFO  [main] utility.SalesforceListeners SalesforceListeners.java31 - invalid_password_login  started..................
20241019 23:53:05 INFO  [main] base.BaseTest BaseTest.java69 - data is entered in the Username
20241019 23:53:06 ERROR [main] base.BaseTest BaseTest.java71 - Password textbox is not diplayed
20241019 23:53:06 INFO  [main] base.BaseTest BaseTest.java78 - login Button button is clicked
20241019 23:53:06 INFO  [main] base.BaseTest BaseTest.java151 - text is extracted from Actual Error
20241019 23:53:06 INFO  [main] test.AutomationScripts AutomationScripts.java50 - actual message is same as expected
20241019 23:53:06 INFO  [main] utility.SalesforceListeners SalesforceListeners.java37 - invalid_password_login ended with success......................
20241019 23:53:06 INFO  [main] base.SalesForceBaseTest SalesForceBaseTest.java71 - *********************@teardown method********************* 
20241019 23:53:07 DEBUG [main] opc.PackageRelationshipCollection PackageRelationshipCollection.java307 - Parsing relationship: /xl/_rels/workbook.xml.rels
20241019 23:53:07 DEBUG [main] opc.PackageRelationshipCollection PackageRelationshipCollection.java307 - Parsing relationship: /_rels/.rels
20241019 23:53:08 INFO  [main] base.SalesForceBaseTest SalesForceBaseTest.java56 - *********************@BeforeMethod********************* 
20241019 23:53:10 INFO  [main] base.BaseTest BaseTest.java60 - https://login.salesforce.com/is entered
20241019 23:53:15 INFO  [main] utility.SalesforceListeners SalesforceListeners.java31 - valid_login  started..................
20241019 23:53:15 INFO  [main] base.BaseTest BaseTest.java78 - remember me button is clicked
20241019 23:53:15 INFO  [main] base.BaseTest BaseTest.java78 - login Button button is clicked
20241019 23:53:15 INFO  [main] base.BaseTest BaseTest.java171 - login buttonwaiting for visibility for maximum of 3sec
20241019 23:53:16 INFO  [main] test.AutomationScripts AutomationScripts.java88 - Login | Salesforce
20241019 23:53:16 INFO  [main] base.BaseTest BaseTest.java211 - screen captured
20241019 23:53:16 ERROR [main] utility.SalesforceListeners SalesforceListeners.java45 - valid_login ended with failure.....................
20241019 23:53:16 INFO  [main] base.SalesForceBaseTest SalesForceBaseTest.java71 - *********************@teardown method********************* 
20241019 23:53:16 INFO  [main] base.SalesForceBaseTest SalesForceBaseTest.java56 - *********************@BeforeMethod********************* 
20241019 23:53:18 INFO  [main] base.BaseTest BaseTest.java60 - https://login.salesforce.com/is entered
20241019 23:53:23 INFO  [main] utility.SalesforceListeners SalesforceListeners.java31 - valid_login  started..................
20241019 23:53:24 INFO  [main] base.BaseTest BaseTest.java78 - remember me button is clicked
20241019 23:53:24 INFO  [main] base.BaseTest BaseTest.java78 - login Button button is clicked
20241019 23:53:24 INFO  [main] base.BaseTest BaseTest.java171 - login buttonwaiting for visibility for maximum of 3sec
20241019 23:53:24 INFO  [main] test.AutomationScripts AutomationScripts.java88 - Login | Salesforce
20241019 23:53:24 INFO  [main] base.BaseTest BaseTest.java211 - screen captured
20241019 23:53:24 ERROR [main] utility.SalesforceListeners SalesforceListeners.java45 - valid_login ended with failure.....................
20241019 23:53:24 INFO  [main] base.SalesForceBaseTest SalesForceBaseTest.java71 - *********************@teardown method********************* 
20241019 23:53:25 INFO  [main] base.SalesForceBaseTest SalesForceBaseTest.java56 - *********************@BeforeMethod********************* 
20241019 23:53:27 INFO  [main] base.BaseTest BaseTest.java60 - https://login.salesforce.com/is entered
20241019 23:53:32 INFO  [main] utility.SalesforceListeners SalesforceListeners.java31 - valid_login  started..................
20241019 23:53:33 INFO  [main] base.BaseTest BaseTest.java78 - remember me button is clicked
20241019 23:53:33 INFO  [main] base.BaseTest BaseTest.java78 - login Button button is clicked
20241019 23:53:33 INFO  [main] base.BaseTest BaseTest.java171 - login buttonwaiting for visibility for maximum of 3sec
20241019 23:53:33 INFO  [main] test.AutomationScripts AutomationScripts.java88 - Login | Salesforce
20241019 23:53:33 INFO  [main] base.BaseTest BaseTest.java211 - screen captured
20241019 23:53:33 ERROR [main] utility.SalesforceListeners SalesforceListeners.java45 - valid_login ended with failure.....................
20241019 23:53:33 INFO  [main] base.SalesForceBaseTest SalesForceBaseTest.java71 - *********************@teardown method********************* 
20241019 23:53:34 INFO  [main] base.SalesForceBaseTest SalesForceBaseTest.java56 - *********************@BeforeMethod********************* 
20241019 23:53:36 INFO  [main] base.BaseTest BaseTest.java60 - https://login.salesforce.com/is entered
20241019 23:53:41 INFO  [main] utility.SalesforceListeners SalesforceListeners.java31 - valid_login  started..................
20241019 23:53:41 INFO  [main] base.BaseTest BaseTest.java78 - remember me button is clicked
20241019 23:53:41 INFO  [main] base.BaseTest BaseTest.java78 - login Button button is clicked
20241019 23:53:41 INFO  [main] base.BaseTest BaseTest.java171 - login buttonwaiting for visibility for maximum of 3sec
20241019 23:53:42 INFO  [main] test.AutomationScripts AutomationScripts.java88 - Login | Salesforce
20241019 23:53:42 INFO  [main] base.BaseTest BaseTest.java211 - screen captured
20241019 23:53:42 ERROR [main] utility.SalesforceListeners SalesforceListeners.java45 - valid_login ended with failure.....................
20241019 23:53:42 INFO  [main] base.SalesForceBaseTest SalesForceBaseTest.java71 - *********************@teardown method********************* 
20241019 23:53:42 INFO  [main] base.SalesForceBaseTest SalesForceBaseTest.java56 - *********************@BeforeMethod********************* 
20241019 23:53:44 INFO  [main] base.BaseTest BaseTest.java60 - https://login.salesforce.com/is entered
20241019 23:53:49 INFO  [main] utility.SalesforceListeners SalesforceListeners.java31 - valid_login  started..................
20241019 23:53:50 INFO  [main] base.BaseTest BaseTest.java78 - remember me button is clicked
20241019 23:53:50 INFO  [main] base.BaseTest BaseTest.java78 - login Button button is clicked
20241019 23:53:50 INFO  [main] base.BaseTest BaseTest.java171 - login buttonwaiting for visibility for maximum of 3sec
20241019 23:53:50 INFO  [main] test.AutomationScripts AutomationScripts.java88 - Home Page ~ Salesforce - Developer Edition
20241019 23:53:50 INFO  [main] utility.SalesforceListeners SalesforceListeners.java37 - valid_login ended with success......................
20241019 23:53:50 INFO  [main] base.SalesForceBaseTest SalesForceBaseTest.java71 - *********************@teardown method********************* 
20241019 23:53:51 INFO  [main] base.SalesForceBaseTest SalesForceBaseTest.java56 - *********************@BeforeMethod********************* 
20241019 23:53:53 INFO  [main] base.BaseTest BaseTest.java60 - https://login.salesforce.com/is entered
20241019 23:53:58 INFO  [main] utility.SalesforceListeners SalesforceListeners.java31 - valid_login  started..................
20241019 23:53:58 INFO  [main] base.BaseTest BaseTest.java78 - remember me button is clicked
20241019 23:54:05 INFO  [main] base.BaseTest BaseTest.java78 - login Button button is clicked
20241019 23:54:05 INFO  [main] base.BaseTest BaseTest.java171 - login buttonwaiting for visibility for maximum of 3sec
20241019 23:54:05 INFO  [main] test.AutomationScripts AutomationScripts.java88 - Login | Salesforce
20241019 23:54:06 INFO  [main] base.BaseTest BaseTest.java211 - screen captured
20241019 23:54:06 ERROR [main] utility.SalesforceListeners SalesforceListeners.java45 - valid_login ended with failure.....................
20241019 23:54:06 INFO  [main] base.SalesForceBaseTest SalesForceBaseTest.java71 - *********************@teardown method********************* 
20241019 23:54:07 INFO  [main] utility.SalesforceListeners SalesforceListeners.java25 - Test MyTest ended
20241020 00:05:01 INFO  [main] utility.SalesforceListeners SalesforceListeners.java18 - Test Started
20241020 00:05:01 INFO  [main] base.SalesForceBaseTest SalesForceBaseTest.java57 - *********************@BeforeMethod********************* 
20241020 00:05:05 INFO  [main] base.BaseTest BaseTest.java61 - https://login.salesforce.com/is entered
20241020 00:05:10 INFO  [main] utility.SalesforceListeners SalesforceListeners.java31 - invalid_password_login  started..................
20241020 00:05:10 INFO  [main] base.BaseTest BaseTest.java70 - data is entered in the Username
20241020 00:05:10 ERROR [main] base.BaseTest BaseTest.java72 - Password textbox is not diplayed
20241020 00:05:11 INFO  [main] base.BaseTest BaseTest.java79 - login Button button is clicked
20241020 00:05:11 INFO  [main] base.BaseTest BaseTest.java152 - text is extracted from Actual Error
20241020 00:05:11 INFO  [main] test.AutomationScripts AutomationScripts.java51 - actual message is same as expected
20241020 00:05:11 INFO  [main] utility.SalesforceListeners SalesforceListeners.java37 - invalid_password_login ended with success......................
20241020 00:05:11 INFO  [main] base.SalesForceBaseTest SalesForceBaseTest.java72 - *********************@teardown method********************* 
20241020 00:05:12 DEBUG [main] opc.PackageRelationshipCollection PackageRelationshipCollection.java307 - Parsing relationship: /xl/_rels/workbook.xml.rels
20241020 00:05:12 DEBUG [main] opc.PackageRelationshipCollection PackageRelationshipCollection.java307 - Parsing relationship: /_rels/.rels
20241020 00:05:12 INFO  [main] base.SalesForceBaseTest SalesForceBaseTest.java57 - *********************@BeforeMethod********************* 
20241020 00:05:15 INFO  [main] base.BaseTest BaseTest.java61 - https://login.salesforce.com/is entered
20241020 00:05:20 INFO  [main] utility.SalesforceListeners SalesforceListeners.java31 - valid_login  started..................
20241020 00:05:20 INFO  [main] base.BaseTest BaseTest.java79 - remember me button is clicked
20241020 00:05:21 INFO  [main] base.BaseTest BaseTest.java79 - login Button button is clicked
20241020 00:05:21 INFO  [main] base.BaseTest BaseTest.java172 - login buttonwaiting for visibility for maximum of 3sec
20241020 00:05:21 INFO  [main] test.AutomationScripts AutomationScripts.java89 - Login | Salesforce
20241020 00:05:21 INFO  [main] base.BaseTest BaseTest.java212 - screen captured
20241020 00:05:21 ERROR [main] utility.SalesforceListeners SalesforceListeners.java45 - valid_login ended with failure.....................
20241020 00:05:21 INFO  [main] base.SalesForceBaseTest SalesForceBaseTest.java72 - *********************@teardown method********************* 
20241020 00:05:21 INFO  [main] base.SalesForceBaseTest SalesForceBaseTest.java57 - *********************@BeforeMethod********************* 
20241020 00:05:24 INFO  [main] base.BaseTest BaseTest.java61 - https://login.salesforce.com/is entered
20241020 00:05:29 INFO  [main] utility.SalesforceListeners SalesforceListeners.java31 - valid_login  started..................
20241020 00:05:29 INFO  [main] base.BaseTest BaseTest.java79 - remember me button is clicked
20241020 00:05:30 INFO  [main] base.BaseTest BaseTest.java79 - login Button button is clicked
20241020 00:05:30 INFO  [main] base.BaseTest BaseTest.java172 - login buttonwaiting for visibility for maximum of 3sec
20241020 00:05:30 INFO  [main] test.AutomationScripts AutomationScripts.java89 - Login | Salesforce
20241020 00:05:30 INFO  [main] base.BaseTest BaseTest.java212 - screen captured
20241020 00:05:30 ERROR [main] utility.SalesforceListeners SalesforceListeners.java45 - valid_login ended with failure.....................
20241020 00:05:30 INFO  [main] base.SalesForceBaseTest SalesForceBaseTest.java72 - *********************@teardown method********************* 
20241020 00:05:30 INFO  [main] base.SalesForceBaseTest SalesForceBaseTest.java57 - *********************@BeforeMethod********************* 
20241020 00:05:33 INFO  [main] base.BaseTest BaseTest.java61 - https://login.salesforce.com/is entered
20241020 00:05:38 INFO  [main] utility.SalesforceListeners SalesforceListeners.java31 - valid_login  started..................
20241020 00:05:38 INFO  [main] base.BaseTest BaseTest.java79 - remember me button is clicked
20241020 00:05:39 INFO  [main] base.BaseTest BaseTest.java79 - login Button button is clicked
20241020 00:05:39 INFO  [main] base.BaseTest BaseTest.java172 - login buttonwaiting for visibility for maximum of 3sec
20241020 00:05:39 INFO  [main] test.AutomationScripts AutomationScripts.java89 - Login | Salesforce
20241020 00:05:39 INFO  [main] base.BaseTest BaseTest.java212 - screen captured
20241020 00:05:39 ERROR [main] utility.SalesforceListeners SalesforceListeners.java45 - valid_login ended with failure.....................
20241020 00:05:39 INFO  [main] base.SalesForceBaseTest SalesForceBaseTest.java72 - *********************@teardown method********************* 
20241020 00:05:39 INFO  [main] base.SalesForceBaseTest SalesForceBaseTest.java57 - *********************@BeforeMethod********************* 
20241020 00:05:41 INFO  [main] base.BaseTest BaseTest.java61 - https://login.salesforce.com/is entered
20241020 00:05:46 INFO  [main] utility.SalesforceListeners SalesforceListeners.java31 - valid_login  started..................
20241020 00:05:47 INFO  [main] base.BaseTest BaseTest.java79 - remember me button is clicked
20241020 00:05:47 INFO  [main] base.BaseTest BaseTest.java79 - login Button button is clicked
20241020 00:05:47 INFO  [main] base.BaseTest BaseTest.java172 - login buttonwaiting for visibility for maximum of 3sec
20241020 00:05:47 INFO  [main] test.AutomationScripts AutomationScripts.java89 - Login | Salesforce
20241020 00:05:47 INFO  [main] base.BaseTest BaseTest.java212 - screen captured
20241020 00:05:47 ERROR [main] utility.SalesforceListeners SalesforceListeners.java45 - valid_login ended with failure.....................
20241020 00:05:47 INFO  [main] base.SalesForceBaseTest SalesForceBaseTest.java72 - *********************@teardown method********************* 
20241020 00:05:48 INFO  [main] base.SalesForceBaseTest SalesForceBaseTest.java57 - *********************@BeforeMethod********************* 
20241020 00:05:50 INFO  [main] base.BaseTest BaseTest.java61 - https://login.salesforce.com/is entered
20241020 00:05:55 INFO  [main] utility.SalesforceListeners SalesforceListeners.java31 - valid_login  started..................
20241020 00:05:55 INFO  [main] base.BaseTest BaseTest.java79 - remember me button is clicked
20241020 00:05:56 INFO  [main] base.BaseTest BaseTest.java79 - login Button button is clicked
20241020 00:05:56 INFO  [main] base.BaseTest BaseTest.java172 - login buttonwaiting for visibility for maximum of 3sec
20241020 00:05:56 INFO  [main] test.AutomationScripts AutomationScripts.java89 - 
20241020 00:05:58 INFO  [main] base.BaseTest BaseTest.java212 - screen captured
20241020 00:05:58 ERROR [main] utility.SalesforceListeners SalesforceListeners.java45 - valid_login ended with failure.....................
20241020 00:05:58 INFO  [main] base.SalesForceBaseTest SalesForceBaseTest.java72 - *********************@teardown method********************* 
20241020 00:05:58 INFO  [main] base.SalesForceBaseTest SalesForceBaseTest.java57 - *********************@BeforeMethod********************* 
20241020 00:06:01 INFO  [main] base.BaseTest BaseTest.java61 - https://login.salesforce.com/is entered
20241020 00:06:06 INFO  [main] utility.SalesforceListeners SalesforceListeners.java31 - valid_login  started..................
20241020 00:06:06 INFO  [main] base.BaseTest BaseTest.java79 - remember me button is clicked
20241020 00:06:14 INFO  [main] base.BaseTest BaseTest.java79 - login Button button is clicked
20241020 00:06:14 INFO  [main] base.BaseTest BaseTest.java172 - login buttonwaiting for visibility for maximum of 3sec
20241020 00:06:14 INFO  [main] test.AutomationScripts AutomationScripts.java89 - Login | Salesforce
20241020 00:06:14 INFO  [main] base.BaseTest BaseTest.java212 - screen captured
20241020 00:06:14 ERROR [main] utility.SalesforceListeners SalesforceListeners.java45 - valid_login ended with failure.....................
20241020 00:06:14 INFO  [main] base.SalesForceBaseTest SalesForceBaseTest.java72 - *********************@teardown method********************* 
20241020 00:06:14 INFO  [main] utility.SalesforceListeners SalesforceListeners.java25 - Test MyTest ended
20241020 00:46:56 INFO  [main] utility.SalesforceListeners SalesforceListeners.java18 - Test Started
20241020 00:46:56 INFO  [main] base.SalesForceBaseTest SalesForceBaseTest.java57 - *********************@BeforeMethod********************* 
20241020 00:47:03 INFO  [main] base.BaseTest BaseTest.java61 - https://login.salesforce.com/is entered
20241020 00:47:08 INFO  [main] utility.SalesforceListeners SalesforceListeners.java31 - invalid_password_login  started..................
20241020 00:47:08 INFO  [main] base.BaseTest BaseTest.java70 - data is entered in the Username
20241020 00:47:08 ERROR [main] base.BaseTest BaseTest.java72 - Password textbox is not diplayed
20241020 00:47:09 INFO  [main] base.BaseTest BaseTest.java79 - login Button button is clicked
20241020 00:47:09 INFO  [main] base.BaseTest BaseTest.java152 - text is extracted from Actual Error
20241020 00:47:09 INFO  [main] test.AutomationScripts AutomationScripts.java51 - actual message is same as expected
20241020 00:47:09 INFO  [main] utility.SalesforceListeners SalesforceListeners.java37 - invalid_password_login ended with success......................
20241020 00:47:09 INFO  [main] base.SalesForceBaseTest SalesForceBaseTest.java72 - *********************@teardown method********************* 
20241020 00:47:10 DEBUG [main] opc.PackageRelationshipCollection PackageRelationshipCollection.java307 - Parsing relationship: /xl/_rels/workbook.xml.rels
20241020 00:47:10 DEBUG [main] opc.PackageRelationshipCollection PackageRelationshipCollection.java307 - Parsing relationship: /_rels/.rels
20241020 00:47:10 INFO  [main] base.SalesForceBaseTest SalesForceBaseTest.java57 - *********************@BeforeMethod********************* 
20241020 00:47:13 INFO  [main] base.BaseTest BaseTest.java61 - https://login.salesforce.com/is entered
20241020 00:47:18 INFO  [main] utility.SalesforceListeners SalesforceListeners.java31 - valid_login  started..................
20241020 00:47:18 INFO  [main] base.BaseTest BaseTest.java79 - remember me button is clicked
20241020 00:47:19 INFO  [main] base.BaseTest BaseTest.java79 - login Button button is clicked
20241020 00:47:19 INFO  [main] base.BaseTest BaseTest.java172 - login buttonwaiting for visibility for maximum of 3sec
20241020 00:47:19 INFO  [main] test.AutomationScripts AutomationScripts.java89 - Login | Salesforce
20241020 00:47:19 INFO  [main] base.BaseTest BaseTest.java212 - screen captured
20241020 00:47:19 ERROR [main] utility.SalesforceListeners SalesforceListeners.java45 - valid_login ended with failure.....................
20241020 00:47:19 INFO  [main] base.SalesForceBaseTest SalesForceBaseTest.java72 - *********************@teardown method********************* 
20241020 00:47:19 INFO  [main] base.SalesForceBaseTest SalesForceBaseTest.java57 - *********************@BeforeMethod********************* 
20241020 00:47:22 INFO  [main] base.BaseTest BaseTest.java61 - https://login.salesforce.com/is entered
20241020 00:47:27 INFO  [main] utility.SalesforceListeners SalesforceListeners.java31 - valid_login  started..................
20241020 00:47:27 INFO  [main] base.BaseTest BaseTest.java79 - remember me button is clicked
20241020 00:47:28 INFO  [main] base.BaseTest BaseTest.java79 - login Button button is clicked
20241020 00:47:28 INFO  [main] base.BaseTest BaseTest.java172 - login buttonwaiting for visibility for maximum of 3sec
20241020 00:47:28 INFO  [main] test.AutomationScripts AutomationScripts.java89 - Login | Salesforce
20241020 00:47:28 INFO  [main] base.BaseTest BaseTest.java212 - screen captured
20241020 00:47:28 ERROR [main] utility.SalesforceListeners SalesforceListeners.java45 - valid_login ended with failure.....................
20241020 00:47:28 INFO  [main] base.SalesForceBaseTest SalesForceBaseTest.java72 - *********************@teardown method********************* 
20241020 00:47:28 INFO  [main] base.SalesForceBaseTest SalesForceBaseTest.java57 - *********************@BeforeMethod********************* 
20241020 00:47:31 INFO  [main] base.BaseTest BaseTest.java61 - https://login.salesforce.com/is entered
20241020 00:47:36 INFO  [main] utility.SalesforceListeners SalesforceListeners.java31 - valid_login  started..................
20241020 00:47:36 INFO  [main] base.BaseTest BaseTest.java79 - remember me button is clicked
20241020 00:47:37 INFO  [main] base.BaseTest BaseTest.java79 - login Button button is clicked
20241020 00:47:37 INFO  [main] base.BaseTest BaseTest.java172 - login buttonwaiting for visibility for maximum of 3sec
20241020 00:47:37 INFO  [main] test.AutomationScripts AutomationScripts.java89 - Login | Salesforce
20241020 00:47:37 INFO  [main] base.BaseTest BaseTest.java212 - screen captured
20241020 00:47:37 ERROR [main] utility.SalesforceListeners SalesforceListeners.java45 - valid_login ended with failure.....................
20241020 00:47:37 INFO  [main] base.SalesForceBaseTest SalesForceBaseTest.java72 - *********************@teardown method********************* 
20241020 00:47:37 INFO  [main] base.SalesForceBaseTest SalesForceBaseTest.java57 - *********************@BeforeMethod********************* 
20241020 00:47:40 INFO  [main] base.BaseTest BaseTest.java61 - https://login.salesforce.com/is entered
20241020 00:47:45 INFO  [main] utility.SalesforceListeners SalesforceListeners.java31 - valid_login  started..................
20241020 00:47:45 INFO  [main] base.BaseTest BaseTest.java79 - remember me button is clicked
20241020 00:47:46 INFO  [main] base.BaseTest BaseTest.java79 - login Button button is clicked
20241020 00:47:46 INFO  [main] base.BaseTest BaseTest.java172 - login buttonwaiting for visibility for maximum of 3sec
20241020 00:47:46 INFO  [main] test.AutomationScripts AutomationScripts.java89 - Login | Salesforce
20241020 00:47:46 INFO  [main] base.BaseTest BaseTest.java212 - screen captured
20241020 00:47:46 ERROR [main] utility.SalesforceListeners SalesforceListeners.java45 - valid_login ended with failure.....................
20241020 00:47:46 INFO  [main] base.SalesForceBaseTest SalesForceBaseTest.java72 - *********************@teardown method********************* 
20241020 00:47:47 INFO  [main] base.SalesForceBaseTest SalesForceBaseTest.java57 - *********************@BeforeMethod********************* 
20241020 00:47:49 INFO  [main] base.BaseTest BaseTest.java61 - https://login.salesforce.com/is entered
20241020 00:47:54 INFO  [main] utility.SalesforceListeners SalesforceListeners.java31 - valid_login  started..................
20241020 00:47:54 INFO  [main] base.BaseTest BaseTest.java79 - remember me button is clicked
20241020 00:47:55 INFO  [main] base.BaseTest BaseTest.java79 - login Button button is clicked
20241020 00:47:55 INFO  [main] base.BaseTest BaseTest.java172 - login buttonwaiting for visibility for maximum of 3sec
20241020 00:47:56 INFO  [main] test.AutomationScripts AutomationScripts.java89 - Home Page ~ Salesforce - Developer Edition
20241020 00:47:56 INFO  [main] utility.SalesforceListeners SalesforceListeners.java37 - valid_login ended with success......................
20241020 00:47:56 INFO  [main] base.SalesForceBaseTest SalesForceBaseTest.java72 - *********************@teardown method********************* 
20241020 00:47:56 INFO  [main] base.SalesForceBaseTest SalesForceBaseTest.java57 - *********************@BeforeMethod********************* 
20241020 00:47:58 INFO  [main] base.BaseTest BaseTest.java61 - https://login.salesforce.com/is entered
20241020 00:48:03 INFO  [main] utility.SalesforceListeners SalesforceListeners.java31 - valid_login  started..................
20241020 00:48:04 INFO  [main] base.BaseTest BaseTest.java79 - remember me button is clicked
20241020 00:48:11 INFO  [main] base.BaseTest BaseTest.java79 - login Button button is clicked
20241020 00:48:11 INFO  [main] base.BaseTest BaseTest.java172 - login buttonwaiting for visibility for maximum of 3sec
20241020 00:48:11 INFO  [main] test.AutomationScripts AutomationScripts.java89 - Login | Salesforce
20241020 00:48:11 INFO  [main] base.BaseTest BaseTest.java212 - screen captured
20241020 00:48:11 ERROR [main] utility.SalesforceListeners SalesforceListeners.java45 - valid_login ended with failure.....................
20241020 00:48:11 INFO  [main] base.SalesForceBaseTest SalesForceBaseTest.java72 - *********************@teardown method********************* 
20241020 00:48:12 INFO  [main] utility.SalesforceListeners SalesforceListeners.java25 - Test MyTest ended
20241020 01:15:11 INFO  [main] utility.SalesforceListeners SalesforceListeners.java21 - Test Started
20241020 01:15:11 INFO  [main] base.SalesForceBaseTest SalesForceBaseTest.java57 - *********************@BeforeMethod********************* 
20241020 01:15:16 INFO  [main] base.BaseTest BaseTest.java61 - https://login.salesforce.com/is entered
20241020 01:15:21 INFO  [main] utility.SalesforceListeners SalesforceListeners.java34 - invalid_password_login  started..................
20241020 01:15:21 INFO  [main] base.BaseTest BaseTest.java70 - data is entered in the Username
20241020 01:15:21 ERROR [main] base.BaseTest BaseTest.java72 - Password textbox is not diplayed
20241020 01:15:22 INFO  [main] base.BaseTest BaseTest.java79 - login Button button is clicked
20241020 01:15:22 INFO  [main] base.BaseTest BaseTest.java152 - text is extracted from Actual Error
20241020 01:15:22 INFO  [main] test.AutomationScripts AutomationScripts.java51 - actual message is same as expected
20241020 01:15:22 INFO  [main] utility.SalesforceListeners SalesforceListeners.java40 - invalid_password_login ended with success......................
20241020 01:15:22 INFO  [main] base.SalesForceBaseTest SalesForceBaseTest.java72 - *********************@teardown method********************* 
20241020 01:15:23 DEBUG [main] opc.PackageRelationshipCollection PackageRelationshipCollection.java307 - Parsing relationship: /xl/_rels/workbook.xml.rels
20241020 01:15:23 DEBUG [main] opc.PackageRelationshipCollection PackageRelationshipCollection.java307 - Parsing relationship: /_rels/.rels
20241020 01:15:24 INFO  [main] base.SalesForceBaseTest SalesForceBaseTest.java57 - *********************@BeforeMethod********************* 
20241020 01:15:27 INFO  [main] base.BaseTest BaseTest.java61 - https://login.salesforce.com/is entered
20241020 01:15:32 INFO  [main] utility.SalesforceListeners SalesforceListeners.java34 - valid_login  started..................
20241020 01:15:32 INFO  [main] base.BaseTest BaseTest.java79 - remember me button is clicked
20241020 01:15:32 INFO  [main] base.BaseTest BaseTest.java79 - login Button button is clicked
20241020 01:15:32 INFO  [main] base.BaseTest BaseTest.java172 - login buttonwaiting for visibility for maximum of 3sec
20241020 01:15:32 INFO  [main] test.AutomationScripts AutomationScripts.java89 - Login | Salesforce
20241020 01:15:33 INFO  [main] base.BaseTest BaseTest.java212 - screen captured
20241020 01:15:33 ERROR [main] utility.SalesforceListeners SalesforceListeners.java48 - valid_login ended with failure.....................
20241020 01:15:33 INFO  [main] base.BaseTest BaseTest.java212 - screen captured
20241020 01:15:33 INFO  [main] base.SalesForceBaseTest SalesForceBaseTest.java72 - *********************@teardown method********************* 
20241020 01:15:34 INFO  [main] base.SalesForceBaseTest SalesForceBaseTest.java57 - *********************@BeforeMethod********************* 
20241020 01:15:36 INFO  [main] base.BaseTest BaseTest.java61 - https://login.salesforce.com/is entered
20241020 01:15:41 INFO  [main] utility.SalesforceListeners SalesforceListeners.java34 - valid_login  started..................
20241020 01:15:41 INFO  [main] base.BaseTest BaseTest.java79 - remember me button is clicked
20241020 01:15:42 INFO  [main] base.BaseTest BaseTest.java79 - login Button button is clicked
20241020 01:15:42 INFO  [main] base.BaseTest BaseTest.java172 - login buttonwaiting for visibility for maximum of 3sec
20241020 01:15:43 INFO  [main] test.AutomationScripts AutomationScripts.java89 - Home Page ~ Salesforce - Developer Edition
20241020 01:15:43 INFO  [main] utility.SalesforceListeners SalesforceListeners.java40 - valid_login ended with success......................
20241020 01:15:43 INFO  [main] base.SalesForceBaseTest SalesForceBaseTest.java72 - *********************@teardown method********************* 
20241020 01:15:43 INFO  [main] utility.SalesforceListeners SalesforceListeners.java28 - Test MyTest ended
20241022 11:18:36 INFO  [main] utility.SalesforceListeners SalesforceListeners.java21 - Test Started
20241022 11:18:37 INFO  [main] base.SalesForceBaseTest SalesForceBaseTest.java57 - *********************@BeforeMethod********************* 
20241022 11:18:43 INFO  [main] base.BaseTest BaseTest.java61 - https://login.salesforce.com/is entered
20241022 11:18:48 INFO  [main] utility.SalesforceListeners SalesforceListeners.java34 - invalid_password_login  started..................
20241022 11:18:49 INFO  [main] base.BaseTest BaseTest.java70 - data is entered in the Username
20241022 11:18:49 ERROR [main] base.BaseTest BaseTest.java72 - Password textbox is not diplayed
20241022 11:18:49 INFO  [main] base.BaseTest BaseTest.java79 - login Button button is clicked
20241022 11:18:50 INFO  [main] base.BaseTest BaseTest.java152 - text is extracted from Actual Error
20241022 11:18:50 INFO  [main] test.AutomationScripts AutomationScripts.java51 - actual message is same as expected
20241022 11:18:50 INFO  [main] utility.SalesforceListeners SalesforceListeners.java40 - invalid_password_login ended with success......................
20241022 11:18:50 INFO  [main] base.SalesForceBaseTest SalesForceBaseTest.java72 - *********************@teardown method********************* 
20241022 11:18:51 DEBUG [main] opc.PackageRelationshipCollection PackageRelationshipCollection.java307 - Parsing relationship: /xl/_rels/workbook.xml.rels
20241022 11:18:51 DEBUG [main] opc.PackageRelationshipCollection PackageRelationshipCollection.java307 - Parsing relationship: /_rels/.rels
20241022 11:18:52 INFO  [main] base.SalesForceBaseTest SalesForceBaseTest.java57 - *********************@BeforeMethod********************* 
20241022 11:18:55 INFO  [main] base.BaseTest BaseTest.java61 - https://login.salesforce.com/is entered
20241022 11:19:00 INFO  [main] utility.SalesforceListeners SalesforceListeners.java34 - valid_login  started..................
20241022 11:19:01 INFO  [main] base.BaseTest BaseTest.java79 - remember me button is clicked
20241022 11:19:01 INFO  [main] base.BaseTest BaseTest.java79 - login Button button is clicked
20241022 11:19:01 INFO  [main] base.BaseTest BaseTest.java172 - login buttonwaiting for visibility for maximum of 3sec
20241022 11:19:01 INFO  [main] test.AutomationScripts AutomationScripts.java89 - Login | Salesforce
20241022 11:19:02 INFO  [main] base.BaseTest BaseTest.java212 - screen captured
20241022 11:19:02 ERROR [main] utility.SalesforceListeners SalesforceListeners.java48 - valid_login ended with failure.....................
20241022 11:19:02 INFO  [main] base.BaseTest BaseTest.java212 - screen captured
20241022 11:19:02 INFO  [main] base.SalesForceBaseTest SalesForceBaseTest.java72 - *********************@teardown method********************* 
20241022 11:19:03 INFO  [main] base.SalesForceBaseTest SalesForceBaseTest.java57 - *********************@BeforeMethod********************* 
20241022 11:19:06 INFO  [main] base.BaseTest BaseTest.java61 - https://login.salesforce.com/is entered
20241022 11:19:11 INFO  [main] utility.SalesforceListeners SalesforceListeners.java34 - valid_login  started..................
20241022 11:19:12 INFO  [main] base.BaseTest BaseTest.java79 - remember me button is clicked
20241022 11:19:13 INFO  [main] base.BaseTest BaseTest.java79 - login Button button is clicked
20241022 11:19:13 INFO  [main] base.BaseTest BaseTest.java172 - login buttonwaiting for visibility for maximum of 3sec
20241022 11:19:14 INFO  [main] test.AutomationScripts AutomationScripts.java89 - Home Page ~ Salesforce - Developer Edition
20241022 11:19:14 INFO  [main] utility.SalesforceListeners SalesforceListeners.java40 - valid_login ended with success......................
20241022 11:19:14 INFO  [main] base.SalesForceBaseTest SalesForceBaseTest.java72 - *********************@teardown method********************* 
20241022 11:19:14 INFO  [main] utility.SalesforceListeners SalesforceListeners.java28 - Test MyTest ended
